AmazeFileManagerSang89vhAdmob/build/outputs/logs/manifest-merger-fdroid-debug-report.txt
-- Merging decision tree log ---
manifest
ADDED from src/main/AndroidManifest.xml:22:1-206:12
	package
		ADDED from src/main/AndroidManifest.xml:24:5-36
		INJECTED from src/main/AndroidManifest.xml
		INJECTED from src/main/AndroidManifest.xml
	android:versionName
		ADDED from src/main/AndroidManifest.xml:26:5-32
		INJECTED from src/main/AndroidManifest.xml
		INJECTED from src/main/AndroidManifest.xml
	xmlns:tools
		ADDED from src/main/AndroidManifest.xml:23:5-51
	android:versionCode
		ADDED from src/main/AndroidManifest.xml:25:5-29
		INJECTED from src/main/AndroidManifest.xml
		INJECTED from src/main/AndroidManifest.xml
	xmlns:android
		ADDED from src/main/AndroidManifest.xml:22:11-69
uses-permission#android.permission.ACCESS_WIFI_STATE
ADDED from src/main/AndroidManifest.xml:29:5-76
	android:name
		ADDED from src/main/AndroidManifest.xml:29:22-73
uses-permission#android.permission.ACCESS_NETWORK_STATE
ADDED from src/main/AndroidManifest.xml:30:5-79
MERGED from [com.google.android.gms:play-services-nearby:10.0.1] AndroidManifest.xml:4:5-78
MERGED from [com.google.android.gms:play-services-tagmanager-api:10.0.1] AndroidManifest.xml:21:5-78
MERGED from [com.google.firebase:firebase-analytics:10.0.1] AndroidManifest.xml:21:5-78
MERGED from [com.google.firebase:firebase-analytics-impl:10.0.1] AndroidManifest.xml:21:5-78
MERGED from [com.google.firebase:firebase-iid:10.0.1] AndroidManifest.xml:19:5-78
MERGED from [com.google.android.gms:play-services-maps:10.0.1] AndroidManifest.xml:19:5-78
MERGED from [com.google.android.gms:play-services-ads-lite:10.0.1] AndroidManifest.xml:20:5-78
MERGED from [com.google.android.gms:play-services-analytics:10.0.1] AndroidManifest.xml:21:5-78
MERGED from [com.google.android.gms:play-services-analytics-impl:10.0.1] AndroidManifest.xml:21:5-78
	android:name
		ADDED from src/main/AndroidManifest.xml:30:22-76
uses-permission#android.permission.WRITE_EXTERNAL_STORAGE
ADDED from src/main/AndroidManifest.xml:31:5-80
	android:name
		ADDED from src/main/AndroidManifest.xml:31:22-78
uses-permission#com.android.launcher.permission.INSTALL_SHORTCUT
ADDED from src/main/AndroidManifest.xml:32:5-88
	android:name
		ADDED from src/main/AndroidManifest.xml:32:22-85
uses-permission#android.permission.INTERNET
ADDED from src/main/AndroidManifest.xml:33:5-67
MERGED from [com.google.android.gms:play-services-appinvite:10.0.1] AndroidManifest.xml:18:5-66
MERGED from [com.google.firebase:firebase-crash:10.0.1] AndroidManifest.xml:18:5-66
MERGED from [com.google.android.gms:play-services-gcm:10.0.1] AndroidManifest.xml:21:5-66
MERGED from [com.google.android.gms:play-services-iid:10.0.1] AndroidManifest.xml:21:5-66
MERGED from [com.google.android.gms:play-services-tagmanager-api:10.0.1] AndroidManifest.xml:20:5-66
MERGED from [com.google.firebase:firebase-analytics:10.0.1] AndroidManifest.xml:20:5-66
MERGED from [com.google.firebase:firebase-analytics-impl:10.0.1] AndroidManifest.xml:20:5-66
MERGED from [com.google.firebase:firebase-iid:10.0.1] AndroidManifest.xml:20:5-66
MERGED from [com.google.android.gms:play-services-maps:10.0.1] AndroidManifest.xml:20:5-66
MERGED from [com.google.android.gms:play-services-ads-lite:10.0.1] AndroidManifest.xml:19:5-66
MERGED from [com.google.android.gms:play-services-analytics:10.0.1] AndroidManifest.xml:20:5-66
MERGED from [com.google.android.gms:play-services-analytics-impl:10.0.1] AndroidManifest.xml:20:5-66
	android:name
		ADDED from src/main/AndroidManifest.xml:33:22-64
uses-permission#android.permission.GET_ACCOUNTS
ADDED from src/main/AndroidManifest.xml:35:5-71
	android:name
		ADDED from src/main/AndroidManifest.xml:35:22-68
uses-permission#android.permission.USE_CREDENTIALS
ADDED from src/main/AndroidManifest.xml:36:5-74
	android:name
		ADDED from src/main/AndroidManifest.xml:36:22-71
uses-permission#com.android.vending.BILLING
ADDED from src/main/AndroidManifest.xml:37:5-67
	android:name
		ADDED from src/main/AndroidManifest.xml:37:22-64
uses-sdk
ADDED from src/main/AndroidManifest.xml:39:5-41:41
MERGED from [com.android.support:design:25.1.1] AndroidManifest.xml:21:5-23:62
MERGED from [com.android.support:transition:25.1.1] AndroidManifest.xml:20:5-44
MERGED from [com.android.support:cardview-v7:25.1.1] AndroidManifest.xml:20:5-43
MERGED from [AmazeFileManagerSang89vh.libs:StickyHeadersRecyclerView:unspecified] AndroidManifest.xml:8:5-10:41
MERGED from [com.github.clans:fab:1.6.1] AndroidManifest.xml:8:5-10:41
MERGED from [com.afollestad.material-dialogs:core:0.9.2.3] AndroidManifest.xml:8:5-11:75
MERGED from [com.android.support:support-v13:25.1.0] AndroidManifest.xml:21:5-23:55
MERGED from [com.android.support:recyclerview-v7:25.1.1] AndroidManifest.xml:20:5-43
MERGED from [me.zhanghai.android.materialprogressbar:library:1.3.0] AndroidManifest.xml:12:5-14:41
MERGED from [com.android.volley:volley:1.0.0] AndroidManifest.xml:7:5-43
MERGED from [eu.chainfire:libsuperuser:1.0.0.201608240809] AndroidManifest.xml:7:5-9:41
MERGED from [com.google.android.gms:play-services:10.0.1] AndroidManifest.xml:4:5-42
MERGED from [com.google.android.gms:play-services-appinvite:10.0.1] AndroidManifest.xml:17:5-42
MERGED from [com.google.android.gms:play-services-auth:10.0.1] AndroidManifest.xml:17:5-42
MERGED from [com.google.android.gms:play-services-auth-base:10.0.1] AndroidManifest.xml:4:5-42
MERGED from [com.google.android.gms:play-services-cast-framework:10.0.1] AndroidManifest.xml:3:5-42
MERGED from [com.google.android.gms:play-services-cast:10.0.1] AndroidManifest.xml:17:5-42
MERGED from [com.android.support:mediarouter-v7:24.0.0] AndroidManifest.xml:20:5-43
MERGED from [com.android.support:palette-v7:25.1.1] AndroidManifest.xml:20:5-43
MERGED from [com.android.support:appcompat-v7:25.1.1] AndroidManifest.xml:21:5-23:78
MERGED from [com.android.support:animated-vector-drawable:25.1.1] AndroidManifest.xml:20:5-44
MERGED from [com.android.support:support-vector-drawable:25.1.1] AndroidManifest.xml:21:5-43
MERGED from [com.google.firebase:firebase-config:10.0.1] AndroidManifest.xml:17:5-42
MERGED from [com.google.android.gms:play-services-awareness:10.0.1] AndroidManifest.xml:17:5-42
MERGED from [com.google.firebase:firebase-crash:10.0.1] AndroidManifest.xml:20:5-42
MERGED from [com.google.firebase:firebase-auth:10.0.1] AndroidManifest.xml:17:5-42
MERGED from [com.google.firebase:firebase-database:10.0.1] AndroidManifest.xml:3:5-42
MERGED from [com.google.firebase:firebase-database-connection:10.0.1] AndroidManifest.xml:3:5-42
MERGED from [com.google.firebase:firebase-messaging:10.0.1] AndroidManifest.xml:17:5-42
MERGED from [com.google.firebase:firebase-storage:10.0.1] AndroidManifest.xml:3:5-42
MERGED from [com.google.firebase:firebase-storage-common:10.0.1] AndroidManifest.xml:3:5-42
MERGED from [com.google.android.gms:play-services-fitness:10.0.1] AndroidManifest.xml:17:5-42
MERGED from [com.google.android.gms:play-services-games:10.0.1] AndroidManifest.xml:17:5-42
MERGED from [com.google.android.gms:play-services-drive:10.0.1] AndroidManifest.xml:17:5-42
MERGED from [com.google.android.gms:play-services-gcm:10.0.1] AndroidManifest.xml:17:5-42
MERGED from [com.google.firebase:firebase-appindexing:10.0.1] AndroidManifest.xml:17:5-42
MERGED from [com.google.android.gms:play-services-iid:10.0.1] AndroidManifest.xml:17:5-42
MERGED from [com.google.android.gms:play-services-instantapps:10.0.1] AndroidManifest.xml:3:5-42
MERGED from [com.google.android.gms:play-services-location:10.0.1] AndroidManifest.xml:3:5-42
MERGED from [com.google.android.gms:play-services-nearby:10.0.1] AndroidManifest.xml:3:5-42
MERGED from [com.google.android.gms:play-services-panorama:10.0.1] AndroidManifest.xml:17:5-42
MERGED from [com.google.android.gms:play-services-places:10.0.1] AndroidManifest.xml:17:5-42
MERGED from [com.google.android.gms:play-services-plus:10.2.0] AndroidManifest.xml:17:5-43
MERGED from [com.google.android.gms:play-services-safetynet:10.0.1] AndroidManifest.xml:17:5-42
MERGED from [com.google.android.gms:play-services-tagmanager:10.0.1] AndroidManifest.xml:17:5-42
MERGED from [com.google.android.gms:play-services-tagmanager-api:10.0.1] AndroidManifest.xml:17:5-42
MERGED from [com.google.firebase:firebase-analytics:10.0.1] AndroidManifest.xml:17:5-42
MERGED from [com.google.firebase:firebase-analytics-impl:10.0.1] AndroidManifest.xml:17:5-42
MERGED from [com.google.firebase:firebase-iid:10.0.1] AndroidManifest.xml:17:5-42
MERGED from [com.google.firebase:firebase-common:10.0.1] AndroidManifest.xml:3:5-42
MERGED from [com.google.android.gms:play-services-vision:10.0.1] AndroidManifest.xml:3:5-42
MERGED from [com.google.android.gms:play-services-wallet:10.0.1] AndroidManifest.xml:18:5-42
MERGED from [com.google.android.gms:play-services-identity:10.0.1] AndroidManifest.xml:17:5-42
MERGED from [com.google.android.gms:play-services-maps:10.0.1] AndroidManifest.xml:23:5-42
MERGED from [com.google.android.gms:play-services-wearable:10.0.1] AndroidManifest.xml:17:5-42
MERGED from [com.google.android.gms:play-services-ads:10.0.1] AndroidManifest.xml:17:5-42
MERGED from [com.google.android.gms:play-services-ads-lite:10.0.1] AndroidManifest.xml:22:5-42
MERGED from [com.google.android.gms:play-services-clearcut:10.0.1] AndroidManifest.xml:17:5-42
MERGED from [com.google.android.gms:play-services-gass:10.0.1] AndroidManifest.xml:3:5-42
MERGED from [com.google.android.gms:play-services-analytics:10.0.1] AndroidManifest.xml:17:5-42
MERGED from [com.google.android.gms:play-services-tagmanager-v4-impl:10.0.1] AndroidManifest.xml:17:5-42
MERGED from [com.google.android.gms:play-services-analytics-impl:10.0.1] AndroidManifest.xml:17:5-42
MERGED from [com.google.android.gms:play-services-base:10.2.0] AndroidManifest.xml:17:5-43
MERGED from [com.google.android.gms:play-services-tasks:10.2.0] AndroidManifest.xml:3:5-43
MERGED from [com.google.android.gms:play-services-basement:10.2.0] AndroidManifest.xml:17:5-43
MERGED from [com.android.support:support-v4:25.1.1] AndroidManifest.xml:21:5-23:54
MERGED from [com.android.support:support-fragment:25.1.1] AndroidManifest.xml:21:5-23:60
MERGED from [com.android.support:support-media-compat:25.1.1] AndroidManifest.xml:21:5-23:63
MERGED from [com.android.support:support-core-ui:25.1.1] AndroidManifest.xml:21:5-23:58
MERGED from [com.android.support:support-core-utils:25.1.1] AndroidManifest.xml:21:5-23:61
MERGED from [com.android.support:support-compat:25.1.1] AndroidManifest.xml:21:5-23:58
	tools:overrideLibrary
		ADDED from [com.android.support:design:25.1.1] AndroidManifest.xml:23:9-59
	android:targetSdkVersion
		ADDED from src/main/AndroidManifest.xml:41:9-38
		INJECTED from src/main/AndroidManifest.xml
		INJECTED from src/main/AndroidManifest.xml
	android:minSdkVersion
		ADDED from src/main/AndroidManifest.xml:40:9-35
		INJECTED from src/main/AndroidManifest.xml
		INJECTED from src/main/AndroidManifest.xml
uses-feature#android.hardware.touchscreen
ADDED from src/main/AndroidManifest.xml:43:5-45:36
	android:required
		ADDED from src/main/AndroidManifest.xml:45:9-33
	android:name
		ADDED from src/main/AndroidManifest.xml:44:9-52
application
ADDED from src/main/AndroidManifest.xml:46:5-204:19
MERGED from [com.android.support:design:25.1.1] AndroidManifest.xml:25:5-20
MERGED from [com.android.support:transition:25.1.1] AndroidManifest.xml:22:5-20
MERGED from [com.android.support:cardview-v7:25.1.1] AndroidManifest.xml:22:5-20
MERGED from [AmazeFileManagerSang89vh.libs:StickyHeadersRecyclerView:unspecified] AndroidManifest.xml:12:5-20
MERGED from [com.github.clans:fab:1.6.1] AndroidManifest.xml:12:5-20
MERGED from [com.afollestad.material-dialogs:core:0.9.2.3] AndroidManifest.xml:13:5-20
MERGED from [com.android.support:support-v13:25.1.0] AndroidManifest.xml:25:5-20
MERGED from [com.android.volley:volley:1.0.0] AndroidManifest.xml:9:5-20
MERGED from [com.google.android.gms:play-services:10.0.1] AndroidManifest.xml:5:5-20
MERGED from [com.google.android.gms:play-services-appinvite:10.0.1] AndroidManifest.xml:19:5-26:19
MERGED from [com.google.android.gms:play-services-auth:10.0.1] AndroidManifest.xml:19:5-25:19
MERGED from [com.google.android.gms:play-services-cast-framework:10.0.1] AndroidManifest.xml:4:5-8:19
MERGED from [com.google.android.gms:play-services-cast:10.0.1] AndroidManifest.xml:18:5-19
MERGED from [com.android.support:mediarouter-v7:24.0.0] AndroidManifest.xml:22:5-20
MERGED from [com.android.support:palette-v7:25.1.1] AndroidManifest.xml:22:5-23:19
MERGED from [com.android.support:appcompat-v7:25.1.1] AndroidManifest.xml:25:5-20
MERGED from [com.android.support:animated-vector-drawable:25.1.1] AndroidManifest.xml:22:5-20
MERGED from [com.android.support:support-vector-drawable:25.1.1] AndroidManifest.xml:23:5-20
MERGED from [com.google.firebase:firebase-config:10.0.1] AndroidManifest.xml:18:5-19
MERGED from [com.google.android.gms:play-services-awareness:10.0.1] AndroidManifest.xml:18:5-19
MERGED from [com.google.firebase:firebase-crash:10.0.1] AndroidManifest.xml:22:5-23:19
MERGED from [com.google.firebase:firebase-auth:10.0.1] AndroidManifest.xml:19:5-20:19
MERGED from [com.google.firebase:firebase-messaging:10.0.1] AndroidManifest.xml:19:5-29:19
MERGED from [com.google.android.gms:play-services-fitness:10.0.1] AndroidManifest.xml:18:5-19
MERGED from [com.google.android.gms:play-services-games:10.0.1] AndroidManifest.xml:18:5-19
MERGED from [com.google.android.gms:play-services-drive:10.0.1] AndroidManifest.xml:18:5-19
MERGED from [com.google.android.gms:play-services-gcm:10.0.1] AndroidManifest.xml:23:5-19
MERGED from [com.google.firebase:firebase-appindexing:10.0.1] AndroidManifest.xml:18:5-19
MERGED from [com.google.android.gms:play-services-iid:10.0.1] AndroidManifest.xml:23:5-19
MERGED from [com.google.android.gms:play-services-location:10.0.1] AndroidManifest.xml:4:5-19
MERGED from [com.google.android.gms:play-services-nearby:10.0.1] AndroidManifest.xml:5:5-19
MERGED from [com.google.android.gms:play-services-panorama:10.0.1] AndroidManifest.xml:18:5-19
MERGED from [com.google.android.gms:play-services-places:10.0.1] AndroidManifest.xml:18:5-19
MERGED from [com.google.android.gms:play-services-plus:10.2.0] AndroidManifest.xml:18:5-19
MERGED from [com.google.android.gms:play-services-safetynet:10.0.1] AndroidManifest.xml:18:5-19
MERGED from [com.google.android.gms:play-services-tagmanager-api:10.0.1] AndroidManifest.xml:23:5-33:19
MERGED from [com.google.firebase:firebase-analytics:10.0.1] AndroidManifest.xml:24:5-33:19
MERGED from [com.google.firebase:firebase-analytics-impl:10.0.1] AndroidManifest.xml:24:5-28:19
MERGED from [com.google.firebase:firebase-iid:10.0.1] AndroidManifest.xml:28:5-50:19
MERGED from [com.google.firebase:firebase-common:10.0.1] AndroidManifest.xml:4:5-7:19
MERGED from [com.google.android.gms:play-services-vision:10.0.1] AndroidManifest.xml:4:5-19
MERGED from [com.google.android.gms:play-services-identity:10.0.1] AndroidManifest.xml:18:5-19
MERGED from [com.google.android.gms:play-services-maps:10.0.1] AndroidManifest.xml:24:5-19
MERGED from [com.google.android.gms:play-services-wearable:10.0.1] AndroidManifest.xml:18:5-19
MERGED from [com.google.android.gms:play-services-ads-lite:10.0.1] AndroidManifest.xml:23:5-27:19
MERGED from [com.google.android.gms:play-services-clearcut:10.0.1] AndroidManifest.xml:18:5-19
MERGED from [com.google.android.gms:play-services-gass:10.0.1] AndroidManifest.xml:4:5-19
MERGED from [com.google.android.gms:play-services-analytics:10.0.1] AndroidManifest.xml:26:5-19
MERGED from [com.google.android.gms:play-services-tagmanager-v4-impl:10.0.1] AndroidManifest.xml:19:5-19
MERGED from [com.google.android.gms:play-services-analytics-impl:10.0.1] AndroidManifest.xml:26:5-19
MERGED from [com.google.android.gms:play-services-base:10.2.0] AndroidManifest.xml:18:5-20:19
MERGED from [com.google.android.gms:play-services-tasks:10.2.0] AndroidManifest.xml:4:5-19
MERGED from [com.google.android.gms:play-services-basement:10.2.0] AndroidManifest.xml:19:5-21:19
MERGED from [com.android.support:support-v4:25.1.1] AndroidManifest.xml:25:5-20
MERGED from [com.android.support:support-fragment:25.1.1] AndroidManifest.xml:25:5-20
MERGED from [com.android.support:support-media-compat:25.1.1] AndroidManifest.xml:25:5-20
MERGED from [com.android.support:support-core-ui:25.1.1] AndroidManifest.xml:25:5-20
MERGED from [com.android.support:support-core-utils:25.1.1] AndroidManifest.xml:25:5-20
MERGED from [com.android.support:support-compat:25.1.1] AndroidManifest.xml:25:5-20
	android:label
		ADDED from src/main/AndroidManifest.xml:50:9-50
	android:icon
		ADDED from src/main/AndroidManifest.xml:48:9-43
	tools:replace
		ADDED from src/main/AndroidManifest.xml:49:9-38
	android:name
		ADDED from src/main/AndroidManifest.xml:47:9-40
meta-data#com.google.android.gms.version
ADDED from src/main/AndroidManifest.xml:52:9-122
MERGED from [com.google.android.gms:play-services-basement:10.2.0] AndroidManifest.xml:20:9-121
	android:value
		ADDED from src/main/AndroidManifest.xml:52:66-119
	android:name
		ADDED from src/main/AndroidManifest.xml:52:20-65
activity#com.mybox.filemanager.activities.MainActivity
ADDED from src/main/AndroidManifest.xml:54:9-81:20
	android:label
		ADDED from src/main/AndroidManifest.xml:55:13-46
	android:launchMode
		ADDED from src/main/AndroidManifest.xml:56:13-48
	android:theme
		ADDED from src/main/AndroidManifest.xml:58:13-50
	android:name
		ADDED from src/main/AndroidManifest.xml:57:13-52
intent-filter#android.intent.action.MAIN+android.intent.category.LAUNCHER
ADDED from src/main/AndroidManifest.xml:59:13-63:29
action#android.intent.action.MAIN
ADDED from src/main/AndroidManifest.xml:60:17-69
	android:name
		ADDED from src/main/AndroidManifest.xml:60:25-66
category#android.intent.category.LAUNCHER
ADDED from src/main/AndroidManifest.xml:62:17-77
	android:name
		ADDED from src/main/AndroidManifest.xml:62:27-74
intent-filter#android.intent.action.GET_CONTENT+android.intent.category.DEFAULT+android.intent.category.OPENABLE
ADDED from src/main/AndroidManifest.xml:64:13-69:29
action#android.intent.action.GET_CONTENT
ADDED from src/main/AndroidManifest.xml:65:17-76
	android:name
		ADDED from src/main/AndroidManifest.xml:65:25-73
data
ADDED from src/main/AndroidManifest.xml:66:17-48
	android:mimeType
		ADDED from src/main/AndroidManifest.xml:66:23-45
category#android.intent.category.OPENABLE
ADDED from src/main/AndroidManifest.xml:67:17-77
	android:name
		ADDED from src/main/AndroidManifest.xml:67:27-74
category#android.intent.category.DEFAULT
ADDED from src/main/AndroidManifest.xml:68:17-76
	android:name
		ADDED from src/main/AndroidManifest.xml:68:27-73
intent-filter#android.intent.action.RINGTONE_PICKER+android.intent.category.DEFAULT
ADDED from src/main/AndroidManifest.xml:70:13-73:29
action#android.intent.action.RINGTONE_PICKER
ADDED from src/main/AndroidManifest.xml:71:17-80
	android:name
		ADDED from src/main/AndroidManifest.xml:71:25-77
intent-filter#android.intent.action.VIEW+android.intent.category.DEFAULT
ADDED from src/main/AndroidManifest.xml:74:13-80:29
action#android.intent.action.VIEW
ADDED from src/main/AndroidManifest.xml:75:17-69
	android:name
		ADDED from src/main/AndroidManifest.xml:75:25-66
activity#com.mybox.filemanager.activities.Preferences
ADDED from src/main/AndroidManifest.xml:82:3-92:20
	android:label
		ADDED from src/main/AndroidManifest.xml:84:13-44
	android:uiOptions
		ADDED from src/main/AndroidManifest.xml:83:4-48
	android:theme
		ADDED from src/main/AndroidManifest.xml:86:4-41
	android:name
		ADDED from src/main/AndroidManifest.xml:85:13-51
intent-filter#android.intent.action.APPLICATION_PREFERENCES+android.intent.category.DEFAULT
ADDED from src/main/AndroidManifest.xml:87:6-90:29
action#android.intent.action.APPLICATION_PREFERENCES
ADDED from src/main/AndroidManifest.xml:88:17-88
	android:name
		ADDED from src/main/AndroidManifest.xml:88:25-85
activity#com.mybox.filemanager.activities.TextReader
ADDED from src/main/AndroidManifest.xml:93:3-104:20
	android:label
		ADDED from src/main/AndroidManifest.xml:94:13-47
	android:theme
		ADDED from src/main/AndroidManifest.xml:96:4-41
	android:name
		ADDED from src/main/AndroidManifest.xml:95:13-50
activity#com.mybox.filemanager.activities.DbViewer
ADDED from src/main/AndroidManifest.xml:105:9-117:20
	android:screenOrientation
		ADDED from src/main/AndroidManifest.xml:109:13-47
	android:label
		ADDED from src/main/AndroidManifest.xml:106:13-51
	android:theme
		ADDED from src/main/AndroidManifest.xml:108:13-50
	android:name
		ADDED from src/main/AndroidManifest.xml:107:13-48
activity#com.mybox.filemanager.activities.AboutActivity
ADDED from src/main/AndroidManifest.xml:119:9-122:15
	android:label
		ADDED from src/main/AndroidManifest.xml:121:13-34
	android:theme
		ADDED from src/main/AndroidManifest.xml:120:13-46
	android:name
		ADDED from src/main/AndroidManifest.xml:119:19-59
service#com.mybox.filemanager.services.ExtractService
ADDED from src/main/AndroidManifest.xml:124:9-128:13
	android:label
		ADDED from src/main/AndroidManifest.xml:126:4-32
	android:name
		ADDED from src/main/AndroidManifest.xml:125:4-45
service#com.mybox.filemanager.services.ZipTask
ADDED from src/main/AndroidManifest.xml:129:9-133:13
	android:label
		ADDED from src/main/AndroidManifest.xml:131:4-33
	android:name
		ADDED from src/main/AndroidManifest.xml:130:4-38
service#com.mybox.filemanager.services.CopyService
ADDED from src/main/AndroidManifest.xml:134:4-138:13
	android:label
		ADDED from src/main/AndroidManifest.xml:136:4-29
	android:name
		ADDED from src/main/AndroidManifest.xml:135:4-42
service#com.mybox.filemanager.services.ftpservice.FTPService
ADDED from src/main/AndroidManifest.xml:140:9-143:39
	android:enabled
		ADDED from src/main/AndroidManifest.xml:142:13-35
	android:exported
		ADDED from src/main/AndroidManifest.xml:143:13-36
	android:name
		ADDED from src/main/AndroidManifest.xml:141:13-80
service#com.mybox.filemanager.services.ftpservice.FTPTileService
ADDED from src/main/AndroidManifest.xml:145:9-153:19
	android:label
		ADDED from src/main/AndroidManifest.xml:147:13-40
	android:permission
		ADDED from src/main/AndroidManifest.xml:148:13-77
	android:icon
		ADDED from src/main/AndroidManifest.xml:146:13-49
	android:name
		ADDED from src/main/AndroidManifest.xml:145:18-68
intent-filter#android.service.quicksettings.action.QS_TILE
ADDED from src/main/AndroidManifest.xml:149:13-152:29
action#android.service.quicksettings.action.QS_TILE
ADDED from src/main/AndroidManifest.xml:150:17-151:83
	android:name
		ADDED from src/main/AndroidManifest.xml:151:21-80
receiver#com.mybox.filemanager.services.ftpservice.FTPReceiver
ADDED from src/main/AndroidManifest.xml:155:9-162:20
	android:exported
		ADDED from src/main/AndroidManifest.xml:157:13-36
	android:name
		ADDED from src/main/AndroidManifest.xml:156:13-81
intent-filter#com.mybox.filemanager.services.ftpservice.FTPReceiver.ACTION_START_FTPSERVER+com.mybox.filemanager.services.ftpservice.FTPReceiver.ACTION_STOP_FTPSERVER
ADDED from src/main/AndroidManifest.xml:158:13-161:29
action#com.mybox.filemanager.services.ftpservice.FTPReceiver.ACTION_START_FTPSERVER
ADDED from src/main/AndroidManifest.xml:159:17-119
	android:name
		ADDED from src/main/AndroidManifest.xml:159:25-116
action#com.mybox.filemanager.services.ftpservice.FTPReceiver.ACTION_STOP_FTPSERVER
ADDED from src/main/AndroidManifest.xml:160:17-118
	android:name
		ADDED from src/main/AndroidManifest.xml:160:25-115
receiver#com.mybox.filemanager.ui.notifications.FTPNotification
ADDED from src/main/AndroidManifest.xml:163:9-170:20
	android:exported
		ADDED from src/main/AndroidManifest.xml:165:13-36
	android:name
		ADDED from src/main/AndroidManifest.xml:164:13-82
intent-filter#com.mybox.filemanager.services.ftpservice.FTPReceiver.FTPSERVER_STARTED+com.mybox.filemanager.services.ftpservice.FTPReceiver.FTPSERVER_STOPPED
ADDED from src/main/AndroidManifest.xml:166:13-169:29
action#com.mybox.filemanager.services.ftpservice.FTPReceiver.FTPSERVER_STARTED
ADDED from src/main/AndroidManifest.xml:167:17-114
	android:name
		ADDED from src/main/AndroidManifest.xml:167:25-111
action#com.mybox.filemanager.services.ftpservice.FTPReceiver.FTPSERVER_STOPPED
ADDED from src/main/AndroidManifest.xml:168:17-114
	android:name
		ADDED from src/main/AndroidManifest.xml:168:25-111
service#com.mybox.filemanager.services.httpservice.HTTPService
ADDED from src/main/AndroidManifest.xml:173:9-176:39
	android:enabled
		ADDED from src/main/AndroidManifest.xml:175:13-35
	android:exported
		ADDED from src/main/AndroidManifest.xml:176:13-36
	android:name
		ADDED from src/main/AndroidManifest.xml:174:13-82
service#com.mybox.filemanager.services.httpservice.HTTPTileService
ADDED from src/main/AndroidManifest.xml:178:9-186:19
	android:label
		ADDED from src/main/AndroidManifest.xml:180:13-41
	android:permission
		ADDED from src/main/AndroidManifest.xml:181:13-77
	android:icon
		ADDED from src/main/AndroidManifest.xml:179:13-50
	android:name
		ADDED from src/main/AndroidManifest.xml:178:18-70
receiver#com.mybox.filemanager.services.httpservice.HTTPReceiver
ADDED from src/main/AndroidManifest.xml:188:9-195:20
	android:exported
		ADDED from src/main/AndroidManifest.xml:190:13-36
	android:name
		ADDED from src/main/AndroidManifest.xml:189:13-83
intent-filter#com.mybox.filemanager.services.httpservice.HTTPReceiver.ACTION_START_HTTPSERVER+com.mybox.filemanager.services.httpservice.HTTPReceiver.ACTION_STOP_HTTPSERVER
ADDED from src/main/AndroidManifest.xml:191:13-194:29
action#com.mybox.filemanager.services.httpservice.HTTPReceiver.ACTION_START_HTTPSERVER
ADDED from src/main/AndroidManifest.xml:192:17-122
	android:name
		ADDED from src/main/AndroidManifest.xml:192:25-119
action#com.mybox.filemanager.services.httpservice.HTTPReceiver.ACTION_STOP_HTTPSERVER
ADDED from src/main/AndroidManifest.xml:193:17-121
	android:name
		ADDED from src/main/AndroidManifest.xml:193:25-118
receiver#com.mybox.filemanager.ui.notifications.HTTPNotification
ADDED from src/main/AndroidManifest.xml:196:9-203:20
	android:exported
		ADDED from src/main/AndroidManifest.xml:198:13-36
	android:name
		ADDED from src/main/AndroidManifest.xml:197:13-83
intent-filter#com.mybox.filemanager.services.httpservice.HTTPReceiver.HTTPSERVER_STARTED+com.mybox.filemanager.services.httpservice.HTTPReceiver.HTTPSERVER_STOPPED
ADDED from src/main/AndroidManifest.xml:199:13-202:29
action#com.mybox.filemanager.services.httpservice.HTTPReceiver.HTTPSERVER_STARTED
ADDED from src/main/AndroidManifest.xml:200:17-117
	android:name
		ADDED from src/main/AndroidManifest.xml:200:25-114
action#com.mybox.filemanager.services.httpservice.HTTPReceiver.HTTPSERVER_STOPPED
ADDED from src/main/AndroidManifest.xml:201:17-117
	android:name
		ADDED from src/main/AndroidManifest.xml:201:25-114
activity#com.google.android.gms.appinvite.PreviewActivity
ADDED from [com.google.android.gms:play-services-appinvite:10.0.1] AndroidManifest.xml:20:9-25:20
	android:exported
		ADDED from [com.google.android.gms:play-services-appinvite:10.0.1] AndroidManifest.xml:20:51-74
	android:theme
		ADDED from [com.google.android.gms:play-services-appinvite:10.0.1] AndroidManifest.xml:20:75-121
	android:name
		ADDED from [com.google.android.gms:play-services-appinvite:10.0.1] AndroidManifest.xml:20:19-50
intent-filter#android.intent.category.DEFAULT+com.google.android.gms.appinvite.ACTION_PREVIEW
ADDED from [com.google.android.gms:play-services-appinvite:10.0.1] AndroidManifest.xml:21:13-24:29
action#com.google.android.gms.appinvite.ACTION_PREVIEW
ADDED from [com.google.android.gms:play-services-appinvite:10.0.1] AndroidManifest.xml:22:17-89
	android:name
		ADDED from [com.google.android.gms:play-services-appinvite:10.0.1] AndroidManifest.xml:22:25-87
activity#com.google.android.gms.auth.api.signin.internal.SignInHubActivity
ADDED from [com.google.android.gms:play-services-auth:10.0.1] AndroidManifest.xml:20:9-189
	android:excludeFromRecents
		ADDED from [com.google.android.gms:play-services-auth:10.0.1] AndroidManifest.xml:20:129-162
	android:exported
		ADDED from [com.google.android.gms:play-services-auth:10.0.1] AndroidManifest.xml:20:163-187
	android:theme
		ADDED from [com.google.android.gms:play-services-auth:10.0.1] AndroidManifest.xml:20:69-128
	android:name
		ADDED from [com.google.android.gms:play-services-auth:10.0.1] AndroidManifest.xml:20:19-68
service#com.google.android.gms.auth.api.signin.RevocationBoundService
ADDED from [com.google.android.gms:play-services-auth:10.0.1] AndroidManifest.xml:24:9-184
	android:exported
		ADDED from [com.google.android.gms:play-services-auth:10.0.1] AndroidManifest.xml:24:64-87
	android:permission
		ADDED from [com.google.android.gms:play-services-auth:10.0.1] AndroidManifest.xml:24:88-182
	android:name
		ADDED from [com.google.android.gms:play-services-auth:10.0.1] AndroidManifest.xml:24:18-63
receiver#com.google.android.gms.cast.framework.media.MediaIntentReceiver
ADDED from [com.google.android.gms:play-services-cast-framework:10.0.1] AndroidManifest.xml:5:9-99
	android:name
		ADDED from [com.google.android.gms:play-services-cast-framework:10.0.1] AndroidManifest.xml:5:19-97
service#com.google.android.gms.cast.framework.media.MediaNotificationService
ADDED from [com.google.android.gms:play-services-cast-framework:10.0.1] AndroidManifest.xml:6:9-103
	android:name
		ADDED from [com.google.android.gms:play-services-cast-framework:10.0.1] AndroidManifest.xml:6:18-101
service#com.google.android.gms.cast.framework.ReconnectionService
ADDED from [com.google.android.gms:play-services-cast-framework:10.0.1] AndroidManifest.xml:7:9-92
	android:name
		ADDED from [com.google.android.gms:play-services-cast-framework:10.0.1] AndroidManifest.xml:7:18-90
service#com.google.firebase.messaging.FirebaseMessagingService
ADDED from [com.google.firebase:firebase-messaging:10.0.1] AndroidManifest.xml:23:9-27:19
	android:exported
		ADDED from [com.google.firebase:firebase-messaging:10.0.1] AndroidManifest.xml:23:88-111
	android:name